TOKENS are as follows : 
 TOKEN KEYWORD CONSTANTS 
 TOKEN KEYWORD FUNCTIONS 
 TOKEN IDENTIFIER facto 
 TOKEN IDENTIFIER val 
 TOKEN KEYWORD return 
 TOKEN IDENTIFIER retval 
 TOKEN KEYWORD while 
 TOKEN COMPARISON-OPERATOR > 
 TOKEN IDENTIFIER val 
 TOKEN INTEGER -  9 
 TOKEN ASSIGNMENT = 
 TOKEN IDENTIFIER retval 
 TOKEN PREDEFINED FUNCTION * 
 TOKEN IDENTIFIER retval 
 TOKEN IDENTIFIER val 
 TOKEN ASSIGNMENT = 
 TOKEN IDENTIFIER val 
 TOKEN PREDEFINED FUNCTION - 
 TOKEN IDENTIFIER val 
 TOKEN FLOAT  1.009E+21 
 TOKEN KEYWORD MAIN 
 TOKEN KEYWORD read 
 TOKEN IDENTIFIER x 
 TOKEN ASSIGNMENT = 
 TOKEN IDENTIFIER f 
 TOKEN IDENTIFIER facto 
 TOKEN IDENTIFIER x 
 TOKEN PREDEFINED FUNCTION print 
 TOKEN STRING (Factorial of) 
 TOKEN IDENTIFIER x 
 TOKEN STRING (is) 
 TOKEN IDENTIFIER f 
