TOKENS are as follows : 
 TOKEN KEYWORD CONSTANTS 
 TOKEN KEYWORD FUNCTIONS 
 TOKEN IDENTIFIER facto 
 TOKEN IDENTIFIER val 
 TOKEN KEYWORD return 
 TOKEN IDENTIFIER retval 
 TOKEN ASSIGNMENT = 
 TOKEN IDENTIFIER isgood 
 TOKEN KEYWORD Boolean 
 TOKEN BOOLEAN F 
 TOKEN KEYWORD if 
 TOKEN IDENTIFIER isgood 
 TOKEN KEYWORD then 
 TOKEN ASSIGNMENT = 
 TOKEN IDENTIFIER retval 
 TOKEN INTEGER -1 
 TOKEN KEYWORD else 
 TOKEN ASSIGNMENT = 
 TOKEN IDENTIFIER retval 
INVALID INTEGER  10000001, GREATER THAN 1000000 
 TOKEN KEYWORD MAIN 
 TOKEN KEYWORD read 
 TOKEN IDENTIFIER x 
 TOKEN ASSIGNMENT = 
 TOKEN IDENTIFIER f 
 TOKEN IDENTIFIER facto 
 TOKEN IDENTIFIER x 
 TOKEN PREDEFINED FUNCTION print 
 TOKEN STRING (Factorial of) 
 TOKEN IDENTIFIER x 
 TOKEN STRING (is) 
 TOKEN IDENTIFIER f 
